<?xml version="1.0" encoding="UTF-8"?>
<testng-results ignored="0" total="2" passed="2" failed="0" skipped="0">
  <reporter-output>
  </reporter-output>
  <suite started-at="2023-04-07T18:02:29 PKT" name="AutomationWeb.Tests.HomePageTest" finished-at="2023-04-07T18:02:59 PKT" duration-ms="30144">
    <groups>
    </groups>
    <test started-at="2023-04-07T18:02:29 PKT" name="Command line test" finished-at="2023-04-07T18:02:59 PKT" duration-ms="30144">
      <class name="AutomationWeb.Tests.HomePageTest">
        <test-method is-config="true" signature="setUp()[pri:0, instance:AutomationWeb.Tests.HomePageTest@2ea6137]" started-at="2023-04-07T18:02:29 PKT" name="setUp" finished-at="2023-04-07T18:02:30 PKT" duration-ms="1314" status="PASS">
          <reporter-output>
          </reporter-output>
        </test-method> <!-- setUp -->
        <test-method signature="verifyHomePage()[pri:0, instance:AutomationWeb.Tests.HomePageTest@2ea6137]" started-at="2023-04-07T18:02:30 PKT" name="verifyHomePage" finished-at="2023-04-07T18:02:41 PKT" duration-ms="11195" status="PASS">
          <reporter-output>
          </reporter-output>
        </test-method> <!-- verifyHomePage -->
        <test-method signature="clickFacebookIcon()[pri:0, instance:AutomationWeb.Tests.HomePageTest@2ea6137]" started-at="2023-04-07T18:02:41 PKT" name="clickFacebookIcon" finished-at="2023-04-07T18:02:59 PKT" depends-on-methods="AutomationWeb.Tests.HomePageTest.verifyHomePage" duration-ms="17358" status="PASS">
          <reporter-output>
          </reporter-output>
        </test-method> <!-- clickFacebookIcon -->
        <test-method is-config="true" signature="tearDown()[pri:0, instance:AutomationWeb.Tests.HomePageTest@2ea6137]" started-at="2023-04-07T18:02:59 PKT" name="tearDown" finished-at="2023-04-07T18:02:59 PKT" duration-ms="252" status="PASS">
          <reporter-output>
          </reporter-output>
        </test-method> <!-- tearDown -->
      </class> <!-- AutomationWeb.Tests.HomePageTest -->
    </test> <!-- Command line test -->
  </suite> <!-- AutomationWeb.Tests.HomePageTest -->
</testng-results>
